# JRE version: Java(TM) SE Runtime Environment (17.0.12+8) (build 17.0.12+8-LTS-286)
# Java VM: Java HotSpot(TM) 64-Bit Server VM (17.0.12+8-LTS-286, mixed mode, sharing, tiered, compressed oops, compressed class ptrs, g1 gc, windows-amd64)
GC Precious Log:
 CPUs: 8 total, 8 available
 Memory: 7968M
 Large Page Support: Disabled
 NUMA Support: Disabled
 Compressed Oops: Enabled (32-bit)
 Heap Region Size: 1M
 Heap Min Capacity: 8M
 Heap Initial Capacity: 126M
 Heap Max Capacity: 2G
 Pre-touch: Disabled
 Parallel Workers: 8
 Concurrent Workers: 2
 Concurrent Refinement Workers: 8
 Periodic GC: Disabled
Heap:
 garbage-first heap   total 268288K, used 199648K [0x0000000080000000, 0x0000000100000000)
  region size 1024K, 12 young (12288K), 6 survivors (6144K)
 Metaspace       used 111090K, committed 112256K, reserved 557056K
  class space    used 15426K, committed 15936K, reserved 425984K
GC Heap History (20 events):
Event: 35.398 GC heap before
{Heap before GC invocations=70 (full 0):
 garbage-first heap   total 217088K, used 184019K [0x0000000080000000, 0x0000000100000000)
  region size 1024K, 32 young (32768K), 6 survivors (6144K)
 Metaspace       used 110149K, committed 111232K, reserved 557056K
  class space    used 15320K, committed 15808K, reserved 425984K
}
Event: 35.406 GC heap after
{Heap after GC invocations=71 (full 0):
 garbage-first heap   total 217088K, used 162942K [0x0000000080000000, 0x0000000100000000)
  region size 1024K, 4 young (4096K), 4 survivors (4096K)
 Metaspace       used 110149K, committed 111232K, reserved 557056K
  class space    used 15320K, committed 15808K, reserved 425984K
}
Event: 35.522 GC heap before
{Heap before GC invocations=71 (full 0):
 garbage-first heap   total 217088K, used 182398K [0x0000000080000000, 0x0000000100000000)
  region size 1024K, 24 young (24576K), 4 survivors (4096K)
 Metaspace       used 110153K, committed 111232K, reserved 557056K
  class space    used 15320K, committed 15808K, reserved 425984K
}
Event: 35.528 GC heap after
{Heap after GC invocations=72 (full 0):
 garbage-first heap   total 217088K, used 165171K [0x0000000080000000, 0x0000000100000000)
  region size 1024K, 3 young (3072K), 3 survivors (3072K)
 Metaspace       used 110153K, committed 111232K, reserved 557056K
  class space    used 15320K, committed 15808K, reserved 425984K
}
Event: 35.632 GC heap before
{Heap before GC invocations=72 (full 0):
 garbage-first heap   total 217088K, used 183603K [0x0000000080000000, 0x0000000100000000)
  region size 1024K, 22 young (22528K), 3 survivors (3072K)
 Metaspace       used 110154K, committed 111232K, reserved 557056K
  class space    used 15320K, committed 15808K, reserved 425984K
}
Event: 35.636 GC heap after
{Heap after GC invocations=73 (full 0):
 garbage-first heap   total 217088K, used 165676K [0x0000000080000000, 0x0000000100000000)
  region size 1024K, 3 young (3072K), 3 survivors (3072K)
 Metaspace       used 110154K, committed 111232K, reserved 557056K
  class space    used 15320K, committed 15808K, reserved 425984K
}
Event: 35.747 GC heap before
{Heap before GC invocations=73 (full 0):
 garbage-first heap   total 217088K, used 184108K [0x0000000080000000, 0x0000000100000000)
  region size 1024K, 22 young (22528K), 3 survivors (3072K)
 Metaspace       used 110154K, committed 111232K, reserved 557056K
  class space    used 15320K, committed 15808K, reserved 425984K
}
Event: 35.751 GC heap after
{Heap after GC invocations=74 (full 0):
 garbage-first heap   total 268288K, used 166171K [0x0000000080000000, 0x0000000100000000)
  region size 1024K, 3 young (3072K), 3 survivors (3072K)
 Metaspace       used 110154K, committed 111232K, reserved 557056K
  class space    used 15320K, committed 15808K, reserved 425984K
}
Event: 36.087 GC heap before
{Heap before GC invocations=74 (full 0):
 garbage-first heap   total 268288K, used 217371K [0x0000000080000000, 0x0000000100000000)
  region size 1024K, 54 young (55296K), 3 survivors (3072K)
 Metaspace       used 110154K, committed 111232K, reserved 557056K
  class space    used 15320K, committed 15808K, reserved 425984K
}
Event: 36.091 GC heap after
{Heap after GC invocations=75 (full 0):
 garbage-first heap   total 268288K, used 167180K [0x0000000080000000, 0x0000000100000000)
  region size 1024K, 4 young (4096K), 4 survivors (4096K)
 Metaspace       used 110154K, committed 111232K, reserved 557056K
  class space    used 15320K, committed 15808K, reserved 425984K
}
Event: 37.118 GC heap before
{Heap before GC invocations=75 (full 0):
 garbage-first heap   total 268288K, used 223500K [0x0000000080000000, 0x0000000100000000)
  region size 1024K, 57 young (58368K), 4 survivors (4096K)
 Metaspace       used 110469K, committed 111680K, reserved 557056K
  class space    used 15347K, committed 15872K, reserved 425984K
}
Event: 37.127 GC heap after
{Heap after GC invocations=76 (full 0):
 garbage-first heap   total 268288K, used 178758K [0x0000000080000000, 0x0000000100000000)
  region size 1024K, 8 young (8192K), 8 survivors (8192K)
 Metaspace       used 110469K, committed 111680K, reserved 557056K
  class space    used 15347K, committed 15872K, reserved 425984K
}
Event: 37.368 GC heap before
{Heap before GC invocations=76 (full 0):
 garbage-first heap   total 268288K, used 219718K [0x0000000080000000, 0x0000000100000000)
  region size 1024K, 49 young (50176K), 8 survivors (8192K)
 Metaspace       used 110474K, committed 111680K, reserved 557056K
  class space    used 15347K, committed 15872K, reserved 425984K
}
Event: 37.375 GC heap after
{Heap after GC invocations=77 (full 0):
 garbage-first heap   total 268288K, used 181612K [0x0000000080000000, 0x0000000100000000)
  region size 1024K, 4 young (4096K), 4 survivors (4096K)
 Metaspace       used 110474K, committed 111680K, reserved 557056K
  class space    used 15347K, committed 15872K, reserved 425984K
}
Event: 37.981 GC heap before
{Heap before GC invocations=77 (full 0):
 garbage-first heap   total 268288K, used 221548K [0x0000000080000000, 0x0000000100000000)
  region size 1024K, 44 young (45056K), 4 survivors (4096K)
 Metaspace       used 110474K, committed 111680K, reserved 557056K
  class space    used 15347K, committed 15872K, reserved 425984K
}
Event: 37.986 GC heap after
{Heap after GC invocations=78 (full 0):
 garbage-first heap   total 268288K, used 182195K [0x0000000080000000, 0x0000000100000000)
  region size 1024K, 4 young (4096K), 4 survivors (4096K)
 Metaspace       used 110474K, committed 111680K, reserved 557056K
  class space    used 15347K, committed 15872K, reserved 425984K
}
Event: 38.297 GC heap before
{Heap before GC invocations=78 (full 0):
 garbage-first heap   total 268288K, used 223155K [0x0000000080000000, 0x0000000100000000)
  region size 1024K, 45 young (46080K), 4 survivors (4096K)
 Metaspace       used 110474K, committed 111680K, reserved 557056K
  class space    used 15347K, committed 15872K, reserved 425984K
}
Event: 38.302 GC heap after
{Heap after GC invocations=79 (full 0):
 garbage-first heap   total 268288K, used 183696K [0x0000000080000000, 0x0000000100000000)
  region size 1024K, 5 young (5120K), 5 survivors (5120K)
 Metaspace       used 110474K, committed 111680K, reserved 557056K
  class space    used 15347K, committed 15872K, reserved 425984K
}
Event: 39.837 GC heap before
{Heap before GC invocations=79 (full 0):
 garbage-first heap   total 268288K, used 228752K [0x0000000080000000, 0x0000000100000000)
  region size 1024K, 46 young (47104K), 5 survivors (5120K)
 Metaspace       used 110968K, committed 112128K, reserved 557056K
  class space    used 15410K, committed 15936K, reserved 425984K
}
Event: 39.845 GC heap after
{Heap after GC invocations=80 (full 0):
 garbage-first heap   total 268288K, used 194528K [0x0000000080000000, 0x0000000100000000)
  region size 1024K, 6 young (6144K), 6 survivors (6144K)
 Metaspace       used 110968K, committed 112128K, reserved 557056K
  class space    used 15410K, committed 15936K, reserved 425984K
}

